<?xml version="1.0" encoding="UTF-8"?>
<!-- Generated by org.testng.reporters.JUnitXMLReporter -->
<testsuite hostname="DESKTOP-QLKFNLE" ignored="0" name="Default test" tests="3" failures="0" timestamp="2020-08-10T14:19:17 GST" time="9.739" errors="0">
  <testcase name="validateAddPetFuctionality" time="2.353" classname="com.curio.tests.FindOwnerPageTests"/>
  <testcase name="validateSearchFunctionality" time="0.252" classname="com.curio.tests.FindOwnerPageTests"/>
  <testcase name="validateownerAddedEditBtnDisplayed" time="0.889" classname="com.curio.tests.FindOwnerPageTests"/>
</testsuite> <!-- Default test -->
