<?xml version="1.0" encoding="UTF-8"?>
<!-- Generated by org.testng.reporters.JUnitXMLReporter -->
<testsuite hostname="DESKTOP-QLKFNLE" ignored="0" name="Test" tests="6" failures="0" timestamp="2020-08-10T17:37:59 GST" time="134.588" errors="0">
  <testcase name="validateVenName" time="2.48" classname="com.curio.tests.VeterinariansPageTests"/>
  <testcase name="validateVenSepcl" time="0.239" classname="com.curio.tests.VeterinariansPageTests"/>
  <testcase name="validateImgPresent" time="2.769" classname="com.curio.tests.HomePageTests"/>
  <testcase name="validateAddPetFuctionality" time="42.077" classname="com.curio.tests.FindOwnerPageTests"/>
  <testcase name="validateSearchFunctionality" time="0.689" classname="com.curio.tests.FindOwnerPageTests"/>
  <testcase name="validateownerAddedEditBtnDisplayed" time="1.516" classname="com.curio.tests.FindOwnerPageTests"/>
</testsuite> <!-- Test -->
